{
  "meta": {
    "version": "6.5.0",
    "timestamp": "2023-03-16T15:56:10.340013",
    "branch_coverage": true,
    "show_contexts": false
  },
  "files": {
    "__global_coverage__/no-op-exe.py": {
      "executed_lines": [1],
      "summary": {
        "covered_lines": 0,
        "num_statements": 0,
        "percent_covered": 100.0,
        "percent_covered_display": "100",
        "missing_lines": 0,
        "excluded_lines": 0,
        "num_branches": 0,
        "num_partial_branches": 0,
        "covered_branches": 0,
        "missing_branches": 0
      },
      "missing_lines": [],
      "excluded_lines": [],
      "executed_branches": [],
      "missing_branches": []
    },
    "apps/artifactory-fetcher/src/grow/artifactory_fetcher/__init__.py": {
      "executed_lines": [1, 6, 8],
      "summary": {
        "covered_lines": 3,
        "num_statements": 3,
        "percent_covered": 100.0,
        "percent_covered_display": "100",
        "missing_lines": 0,
        "excluded_lines": 0,
        "num_branches": 0,
        "num_partial_branches": 0,
        "covered_branches": 0,
        "missing_branches": 0
      },
      "missing_lines": [],
      "excluded_lines": [],
      "executed_branches": [],
      "missing_branches": []
    },
    "apps/artifactory-fetcher/src/grow/artifactory_fetcher/__main__.py": {
      "executed_lines": [
        1, 3, 5, 8, 9, 11, 12, 18, 19, 27, 28, 29, 30, 31, 32, 35
      ],
      "summary": {
        "covered_lines": 16,
        "num_statements": 20,
        "percent_covered": 75.0,
        "percent_covered_display": "75",
        "missing_lines": 4,
        "excluded_lines": 0,
        "num_branches": 4,
        "num_partial_branches": 2,
        "covered_branches": 2,
        "missing_branches": 2
      },
      "missing_lines": [13, 14, 15, 36],
      "excluded_lines": [],
      "executed_branches": [[11, 12], [35, -1]],
      "missing_branches": [[11, 13], [35, 36]]
    },
    "apps/artifactory-fetcher/src/grow/artifactory_fetcher/artifactory_fetcher.py": {
      "executed_lines": [
        1, 2, 4, 7, 20, 21, 26, 34, 35, 36, 37, 39, 42, 46, 47, 48, 50, 51, 52,
        58, 59, 60, 66, 71, 73, 74, 75, 77, 78, 79, 82, 84
      ],
      "summary": {
        "covered_lines": 32,
        "num_statements": 36,
        "percent_covered": 89.1304347826087,
        "percent_covered_display": "89",
        "missing_lines": 4,
        "excluded_lines": 0,
        "num_branches": 10,
        "num_partial_branches": 1,
        "covered_branches": 9,
        "missing_branches": 1
      },
      "missing_lines": [55, 56, 57, 80],
      "excluded_lines": [],
      "executed_branches": [
        [20, 21],
        [20, 26],
        [34, 35],
        [34, 39],
        [50, 51],
        [50, 66],
        [77, 78],
        [77, 84],
        [79, 82]
      ],
      "missing_branches": [[79, 80]]
    },
    "apps/artifactory-fetcher/src/grow/artifactory_fetcher/cli.py": {
      "executed_lines": [
        1, 2, 3, 4, 5, 7, 9, 16, 18, 19, 22, 25, 27, 28, 29, 30, 31, 32, 33, 35,
        36, 43, 44, 45, 46, 47, 48, 49, 52, 53, 54, 56, 57, 60, 61, 64, 65, 66,
        67, 68, 69, 70, 71, 73, 74, 75, 76, 77, 78, 79, 81, 82, 83, 84, 85, 86,
        87, 88, 90, 91, 92
      ],
      "summary": {
        "covered_lines": 61,
        "num_statements": 63,
        "percent_covered": 95.77464788732394,
        "percent_covered_display": "96",
        "missing_lines": 2,
        "excluded_lines": 0,
        "num_branches": 8,
        "num_partial_branches": 1,
        "covered_branches": 7,
        "missing_branches": 1
      },
      "missing_lines": [20, 21],
      "excluded_lines": [],
      "executed_branches": [
        [19, 22],
        [43, 44],
        [43, 48],
        [60, 61],
        [60, 67],
        [81, 82],
        [81, 90]
      ],
      "missing_branches": [[19, 20]]
    },
    "apps/artifactory-fetcher/tests-pex/test_pex.py": {
      "executed_lines": [1, 2, 4, 5, 8, 9, 10, 14],
      "summary": {
        "covered_lines": 8,
        "num_statements": 8,
        "percent_covered": 100.0,
        "percent_covered_display": "100",
        "missing_lines": 0,
        "excluded_lines": 0,
        "num_branches": 0,
        "num_partial_branches": 0,
        "covered_branches": 0,
        "missing_branches": 0
      },
      "missing_lines": [],
      "excluded_lines": [],
      "executed_branches": [],
      "missing_branches": []
    },
    "apps/pdf-signature-evaluator/src/grow/pdf_signature_evaluator/__init__.py": {
      "executed_lines": [1],
      "summary": {
        "covered_lines": 0,
        "num_statements": 0,
        "percent_covered": 100.0,
        "percent_covered_display": "100",
        "missing_lines": 0,
        "excluded_lines": 0,
        "num_branches": 0,
        "num_partial_branches": 0,
        "covered_branches": 0,
        "missing_branches": 0
      },
      "missing_lines": [],
      "excluded_lines": [],
      "executed_branches": [],
      "missing_branches": []
    },
    "apps/pdf-signature-evaluator/src/grow/pdf_signature_evaluator/comment_composer.py": {
      "executed_lines": [1, 4, 6, 7, 9, 12, 15, 18, 21],
      "summary": {
        "covered_lines": 9,
        "num_statements": 14,
        "percent_covered": 64.28571428571429,
        "percent_covered_display": "64",
        "missing_lines": 5,
        "excluded_lines": 0,
        "num_branches": 0,
        "num_partial_branches": 0,
        "covered_branches": 0,
        "missing_branches": 0
      },
      "missing_lines": [10, 13, 16, 19, 22],
      "excluded_lines": [],
      "executed_branches": [],
      "missing_branches": []
    },
    "apps/pdf-signature-evaluator/src/grow/pdf_signature_evaluator/digital_signature_verification.py": {
      "executed_lines": [
        8, 9, 10, 11, 12, 13, 15, 16, 17, 18, 19, 21, 23, 24, 25, 28, 31, 54,
        63, 67, 75, 107, 119, 127, 139, 175, 190, 224, 252, 262, 263, 271, 309
      ],
      "summary": {
        "covered_lines": 33,
        "num_statements": 196,
        "percent_covered": 12.099644128113878,
        "percent_covered_display": "12",
        "missing_lines": 163,
        "excluded_lines": 0,
        "num_branches": 85,
        "num_partial_branches": 1,
        "covered_branches": 1,
        "missing_branches": 84
      },
      "missing_lines": [
        32, 34, 35, 36, 37, 38, 40, 42, 43, 44, 45, 46, 47, 48, 49, 51, 55, 56,
        57, 58, 59, 60, 64, 68, 69, 70, 71, 72, 76, 77, 78, 79, 80, 82, 84, 85,
        86, 87, 89, 90, 91, 93, 95, 96, 97, 98, 99, 100, 103, 104, 108, 109,
        110, 112, 113, 114, 116, 120, 121, 122, 123, 124, 128, 129, 130, 131,
        132, 134, 135, 136, 141, 142, 149, 150, 151, 153, 158, 159, 160, 161,
        167, 172, 176, 177, 178, 180, 181, 182, 183, 184, 185, 186, 187, 192,
        194, 195, 196, 198, 199, 200, 202, 204, 205, 206, 207, 209, 210, 211,
        212, 214, 215, 216, 217, 218, 219, 221, 225, 226, 227, 228, 230, 231,
        232, 234, 235, 236, 237, 238, 242, 243, 244, 246, 247, 248, 249, 253,
        255, 256, 257, 258, 259, 272, 274, 276, 278, 280, 281, 282, 283, 284,
        286, 287, 289, 290, 292, 294, 297, 299, 301, 304, 305, 306, 310
      ],
      "excluded_lines": [],
      "executed_branches": [[309, -8]],
      "missing_branches": [
        [36, 37],
        [36, 42],
        [37, 38],
        [37, 40],
        [42, 43],
        [42, 51],
        [43, 42],
        [43, 44],
        [44, 43],
        [44, 45],
        [56, -56],
        [56, 57],
        [57, 58],
        [57, 60],
        [58, 57],
        [58, 59],
        [68, 69],
        [68, 72],
        [84, 85],
        [84, 104],
        [89, -89],
        [89, 90],
        [95, 84],
        [95, 96],
        [97, -97],
        [97, 95],
        [97, 98],
        [109, 110],
        [109, 116],
        [113, 109],
        [113, 114],
        [122, -119],
        [122, 123],
        [129, 130],
        [129, 134],
        [130, -130],
        [130, 131],
        [131, 129],
        [131, 132],
        [134, 135],
        [134, 136],
        [141, 142],
        [141, 158],
        [142, -142],
        [142, 149],
        [149, 150],
        [149, 153],
        [158, 159],
        [158, 167],
        [159, 160],
        [159, 161],
        [160, -160],
        [160, 159],
        [180, 181],
        [180, 187],
        [182, 183],
        [182, 184],
        [194, 195],
        [194, 198],
        [202, 204],
        [202, 209],
        [205, 202],
        [205, 206],
        [209, 210],
        [209, 214],
        [217, 218],
        [217, 221],
        [225, 226],
        [225, 246],
        [227, 228],
        [227, 230],
        [231, 232],
        [231, 234],
        [242, 243],
        [242, 244],
        [247, 248],
        [247, 249],
        [255, 256],
        [255, 257],
        [281, 282],
        [281, 289],
        [294, -294],
        [294, 297],
        [309, 310]
      ]
    },
    "apps/pdf-signature-evaluator/tests-pex/test_pex.py": {
      "executed_lines": [1, 2, 4, 5, 8, 9, 10, 14],
      "summary": {
        "covered_lines": 8,
        "num_statements": 8,
        "percent_covered": 100.0,
        "percent_covered_display": "100",
        "missing_lines": 0,
        "excluded_lines": 0,
        "num_branches": 0,
        "num_partial_branches": 0,
        "covered_branches": 0,
        "missing_branches": 0
      },
      "missing_lines": [],
      "excluded_lines": [],
      "executed_branches": [],
      "missing_branches": []
    },
    "apps/sharepoint-evaluator/src/grow/sharepoint_evaluator/__init__.py": {
      "executed_lines": [1],
      "summary": {
        "covered_lines": 0,
        "num_statements": 0,
        "percent_covered": 100.0,
        "percent_covered_display": "100",
        "missing_lines": 0,
        "excluded_lines": 0,
        "num_branches": 0,
        "num_partial_branches": 0,
        "covered_branches": 0,
        "missing_branches": 0
      },
      "missing_lines": [],
      "excluded_lines": [],
      "executed_branches": [],
      "missing_branches": []
    },
    "apps/sharepoint-evaluator/src/grow/sharepoint_evaluator/__main__.py": {
      "executed_lines": [1, 2, 4, 6, 9, 19, 20, 28, 40],
      "summary": {
        "covered_lines": 9,
        "num_statements": 25,
        "percent_covered": 34.48275862068966,
        "percent_covered_display": "34",
        "missing_lines": 16,
        "excluded_lines": 0,
        "num_branches": 4,
        "num_partial_branches": 1,
        "covered_branches": 1,
        "missing_branches": 3
      },
      "missing_lines": [
        10, 12, 13, 14, 15, 16, 29, 30, 31, 32, 33, 34, 35, 36, 37, 41
      ],
      "excluded_lines": [],
      "executed_branches": [[40, -1]],
      "missing_branches": [[12, 13], [12, 14], [40, 41]]
    },
    "apps/sharepoint-evaluator/src/grow/sharepoint_evaluator/checks.py": {
      "executed_lines": [
        1, 2, 3, 5, 6, 8, 11, 13, 14, 15, 16, 17, 18, 21, 23, 24, 25, 26, 31,
        33, 34, 35, 36, 41, 43, 44, 45, 46, 51, 53, 54, 55, 56, 61, 80, 81, 82,
        83, 84, 85, 86, 87, 90, 91, 92, 93, 94, 97, 99, 102, 103, 104, 105, 106,
        107, 108, 110, 113, 114, 117, 118, 121, 123, 126, 128, 131, 171, 172,
        173, 176, 187, 189
      ],
      "summary": {
        "covered_lines": 72,
        "num_statements": 72,
        "percent_covered": 100.0,
        "percent_covered_display": "100",
        "missing_lines": 0,
        "excluded_lines": 0,
        "num_branches": 8,
        "num_partial_branches": 0,
        "covered_branches": 8,
        "missing_branches": 0
      },
      "missing_lines": [],
      "excluded_lines": [],
      "executed_branches": [
        [81, -80],
        [81, 82],
        [86, -80],
        [86, 87],
        [94, 94],
        [94, 94],
        [94, 97],
        [94, 99],
        [105, 106],
        [105, 110]
      ],
      "missing_branches": []
    },
    "apps/sharepoint-evaluator/src/grow/sharepoint_evaluator/cli.py": {
      "executed_lines": [
        1, 2, 3, 4, 6, 7, 8, 9, 12, 30, 31, 32, 33, 34, 35, 39, 44, 45, 46, 48,
        50, 51, 57, 58, 61, 62, 63, 64, 67, 68, 69, 73, 74, 77, 78, 79, 85, 86,
        87, 88, 93, 94, 95, 102, 104, 105, 107, 108, 110, 111, 112
      ],
      "summary": {
        "covered_lines": 51,
        "num_statements": 52,
        "percent_covered": 97.36842105263158,
        "percent_covered_display": "97",
        "missing_lines": 1,
        "excluded_lines": 0,
        "num_branches": 24,
        "num_partial_branches": 1,
        "covered_branches": 23,
        "missing_branches": 1
      },
      "missing_lines": [76],
      "excluded_lines": [],
      "executed_branches": [
        [30, -30],
        [30, 30],
        [30, 31],
        [31, -12],
        [31, 32],
        [57, 58],
        [57, 61],
        [63, 64],
        [63, 104],
        [68, 69],
        [68, 73],
        [73, 63],
        [73, 74],
        [74, 77],
        [77, 78],
        [77, 86],
        [86, 73],
        [86, 87],
        [93, 86],
        [93, 94],
        [104, 105],
        [104, 107],
        [107, 108],
        [107, 110]
      ],
      "missing_branches": [[74, 76]]
    },
    "apps/sharepoint-evaluator/src/grow/sharepoint_evaluator/errors.py": {
      "executed_lines": [1, 2, 9],
      "summary": {
        "covered_lines": 2,
        "num_statements": 2,
        "percent_covered": 100.0,
        "percent_covered_display": "100",
        "missing_lines": 0,
        "excluded_lines": 0,
        "num_branches": 0,
        "num_partial_branches": 0,
        "covered_branches": 0,
        "missing_branches": 0
      },
      "missing_lines": [],
      "excluded_lines": [],
      "executed_branches": [],
      "missing_branches": []
    },
    "apps/sharepoint-evaluator/src/grow/sharepoint_evaluator/rules.py": {
      "executed_lines": [
        1, 2, 3, 5, 7, 10, 11, 12, 13, 14, 16, 17, 20, 21, 22, 23, 26, 50, 51,
        53, 54, 56, 57, 58, 59, 60, 61, 62, 63, 64, 65
      ],
      "summary": {
        "covered_lines": 31,
        "num_statements": 31,
        "percent_covered": 100.0,
        "percent_covered_display": "100",
        "missing_lines": 0,
        "excluded_lines": 0,
        "num_branches": 10,
        "num_partial_branches": 0,
        "covered_branches": 10,
        "missing_branches": 0
      },
      "missing_lines": [],
      "excluded_lines": [],
      "executed_branches": [
        [10, 11],
        [10, 12],
        [20, 21],
        [20, 22],
        [53, 54],
        [53, 56],
        [57, 58],
        [57, 65],
        [59, 60],
        [59, 64]
      ],
      "missing_branches": []
    },
    "apps/sharepoint-evaluator/src/grow/sharepoint_evaluator/utils.py": {
      "executed_lines": [
        1, 2, 3, 4, 6, 9, 11, 12, 13, 14, 17, 18, 19, 20, 21, 22, 24, 25, 26,
        27, 28, 33, 35, 36, 39, 40, 42, 65, 67, 76, 78, 79, 80, 81, 87, 88, 89,
        90, 91, 93, 94, 95, 96, 98, 99, 100, 101, 102, 103, 106, 111
      ],
      "summary": {
        "covered_lines": 51,
        "num_statements": 52,
        "percent_covered": 95.58823529411765,
        "percent_covered_display": "96",
        "missing_lines": 1,
        "excluded_lines": 0,
        "num_branches": 16,
        "num_partial_branches": 2,
        "covered_branches": 14,
        "missing_branches": 2
      },
      "missing_lines": [32],
      "excluded_lines": [],
      "executed_branches": [
        [12, 13],
        [12, 14],
        [26, 27],
        [27, 28],
        [78, 79],
        [78, 87],
        [80, -80],
        [80, 80],
        [80, 81],
        [88, 89],
        [88, 93],
        [94, 95],
        [94, 98],
        [100, 101],
        [100, 111]
      ],
      "missing_branches": [[26, 33], [27, 32]]
    },
    "apps/sharepoint-evaluator/tests-pex/test_pex.py": {
      "executed_lines": [1, 2, 4, 5, 8, 9, 10, 14],
      "summary": {
        "covered_lines": 8,
        "num_statements": 8,
        "percent_covered": 100.0,
        "percent_covered_display": "100",
        "missing_lines": 0,
        "excluded_lines": 0,
        "num_branches": 0,
        "num_partial_branches": 0,
        "covered_branches": 0,
        "missing_branches": 0
      },
      "missing_lines": [],
      "excluded_lines": [],
      "executed_branches": [],
      "missing_branches": []
    },
    "apps/sharepoint-fetcher/src/grow/sharepoint_fetcher/__init__.py": {
      "executed_lines": [1, 2, 3, 5],
      "summary": {
        "covered_lines": 4,
        "num_statements": 4,
        "percent_covered": 100.0,
        "percent_covered_display": "100",
        "missing_lines": 0,
        "excluded_lines": 0,
        "num_branches": 0,
        "num_partial_branches": 0,
        "covered_branches": 0,
        "missing_branches": 0
      },
      "missing_lines": [],
      "excluded_lines": [],
      "executed_branches": [],
      "missing_branches": []
    },
    "apps/sharepoint-fetcher/src/grow/sharepoint_fetcher/__main__.py": {
      "executed_lines": [1, 3, 5, 8, 18, 19, 27, 35],
      "summary": {
        "covered_lines": 8,
        "num_statements": 20,
        "percent_covered": 37.5,
        "percent_covered_display": "38",
        "missing_lines": 12,
        "excluded_lines": 0,
        "num_branches": 4,
        "num_partial_branches": 1,
        "covered_branches": 1,
        "missing_branches": 3
      },
      "missing_lines": [9, 11, 12, 13, 14, 15, 28, 29, 30, 31, 32, 36],
      "excluded_lines": [],
      "executed_branches": [[35, -1]],
      "missing_branches": [[11, 12], [11, 13], [35, 36]]
    },
    "apps/sharepoint-fetcher/src/grow/sharepoint_fetcher/checks.py": {
      "executed_lines": [
        9, 10, 11, 13, 14, 16, 18, 19, 22, 24, 25, 26, 27, 28, 29, 30, 33, 44,
        55, 66, 77, 96, 106, 118, 129, 133, 137, 142, 147, 187, 192, 203, 205
      ],
      "summary": {
        "covered_lines": 33,
        "num_statements": 79,
        "percent_covered": 37.93103448275862,
        "percent_covered_display": "38",
        "missing_lines": 46,
        "excluded_lines": 0,
        "num_branches": 8,
        "num_partial_branches": 0,
        "covered_branches": 0,
        "missing_branches": 8
      },
      "missing_lines": [
        35, 36, 37, 38, 39, 46, 47, 48, 49, 50, 57, 58, 59, 60, 61, 68, 69, 70,
        71, 72, 97, 98, 99, 100, 101, 102, 103, 107, 108, 109, 110, 113, 115,
        119, 120, 121, 122, 123, 124, 126, 130, 134, 139, 144, 188, 189
      ],
      "excluded_lines": [],
      "executed_branches": [],
      "missing_branches": [
        [97, -96],
        [97, 98],
        [102, -96],
        [102, 103],
        [110, 113],
        [110, 115],
        [121, 122],
        [121, 126]
      ]
    },
    "apps/sharepoint-fetcher/src/grow/sharepoint_fetcher/cli.py": {
      "executed_lines": [
        1, 2, 3, 4, 5, 6, 8, 10, 11, 12, 13, 15, 24, 42, 43, 44, 45, 51, 56, 58,
        59, 60, 61, 62, 65, 83, 84, 85, 86, 87, 88, 89, 90, 94, 95, 98, 104,
        105, 106, 108, 111, 113, 114, 115, 117, 118, 127, 128, 129, 131, 132,
        134, 135, 137, 138, 140, 144, 145, 146, 147, 149, 158, 159, 161, 163,
        164, 168, 170, 171, 172, 173, 174, 175, 176, 181, 183, 184, 186, 187,
        188, 189, 190
      ],
      "summary": {
        "covered_lines": 82,
        "num_statements": 84,
        "percent_covered": 98.21428571428571,
        "percent_covered_display": "98",
        "missing_lines": 2,
        "excluded_lines": 0,
        "num_branches": 28,
        "num_partial_branches": 0,
        "covered_branches": 28,
        "missing_branches": 0
      },
      "missing_lines": [46, 47],
      "excluded_lines": [],
      "executed_branches": [
        [42, -42],
        [42, 42],
        [42, 43],
        [43, -24],
        [43, 44],
        [59, 60],
        [59, 62],
        [84, 85],
        [84, 95],
        [85, -85],
        [85, 85],
        [85, 86],
        [86, 87],
        [86, 95],
        [105, 106],
        [105, 108],
        [115, 117],
        [115, 131],
        [117, 118],
        [117, 128],
        [146, 147],
        [146, 149],
        [158, 159],
        [158, 161],
        [163, 164],
        [163, 170],
        [170, 171],
        [170, 186],
        [175, 176],
        [175, 183]
      ],
      "missing_branches": []
    },
    "apps/sharepoint-fetcher/src/grow/sharepoint_fetcher/connect.py": {
      "executed_lines": [
        1, 2, 3, 5, 6, 9, 10, 21, 22, 23, 24, 25, 26, 28, 29, 30, 31, 32, 33,
        34, 35, 37, 43, 44, 45, 46, 48, 49, 50, 51, 52, 53, 54, 56, 57, 58, 59,
        60, 61, 62, 63, 64, 65, 66, 67, 68, 70, 78, 81, 82, 83, 84, 85, 86, 87,
        94, 96, 97, 98, 99, 100, 102, 104, 110, 114, 115, 117, 123, 127, 128,
        130, 136, 140, 141, 142, 144, 152, 156, 157, 158, 159, 161, 170, 171,
        173, 180, 200, 201, 202
      ],
      "summary": {
        "covered_lines": 88,
        "num_statements": 88,
        "percent_covered": 100.0,
        "percent_covered_display": "100",
        "missing_lines": 0,
        "excluded_lines": 0,
        "num_branches": 20,
        "num_partial_branches": 0,
        "covered_branches": 20,
        "missing_branches": 0
      },
      "missing_lines": [],
      "excluded_lines": [],
      "executed_branches": [
        [24, 25],
        [24, 26],
        [31, 32],
        [31, 33],
        [51, 52],
        [51, 54],
        [62, 63],
        [62, 68],
        [82, 83],
        [82, 84],
        [84, 85],
        [84, 86],
        [86, 87],
        [86, 94],
        [97, 98],
        [97, 99],
        [97, 102],
        [173, -173],
        [173, -161],
        [173, 173],
        [173, 173],
        [173, 173],
        [173, 173],
        [173, 173],
        [173, 173],
        [173, 173],
        [202, -202],
        [202, -180],
        [202, 202]
      ],
      "missing_branches": []
    },
    "apps/sharepoint-fetcher/src/grow/sharepoint_fetcher/errors.py": {
      "executed_lines": [1, 2, 11, 12, 19],
      "summary": {
        "covered_lines": 4,
        "num_statements": 4,
        "percent_covered": 100.0,
        "percent_covered_display": "100",
        "missing_lines": 0,
        "excluded_lines": 0,
        "num_branches": 0,
        "num_partial_branches": 0,
        "covered_branches": 0,
        "missing_branches": 0
      },
      "missing_lines": [],
      "excluded_lines": [],
      "executed_branches": [],
      "missing_branches": []
    },
    "apps/sharepoint-fetcher/src/grow/sharepoint_fetcher/selectors.py": {
      "executed_lines": [
        1, 2, 3, 5, 8, 9, 10, 11, 12, 14, 18, 19, 20, 21, 22, 23, 26, 53, 54,
        56, 59, 60, 61, 63, 64, 65, 66, 67, 70, 78
      ],
      "summary": {
        "covered_lines": 30,
        "num_statements": 32,
        "percent_covered": 92.85714285714286,
        "percent_covered_display": "93",
        "missing_lines": 2,
        "excluded_lines": 0,
        "num_branches": 10,
        "num_partial_branches": 1,
        "covered_branches": 9,
        "missing_branches": 1
      },
      "missing_lines": [15, 57],
      "excluded_lines": [],
      "executed_branches": [
        [8, 9],
        [8, 10],
        [18, 19],
        [18, 20],
        [56, 59],
        [60, 61],
        [60, 78],
        [63, 64],
        [63, 70]
      ],
      "missing_branches": [[56, 57]]
    },
    "apps/sharepoint-fetcher/src/grow/sharepoint_fetcher/sharepoint_fetcher.py": {
      "executed_lines": [
        1, 2, 3, 4, 5, 6, 7, 8, 10, 11, 12, 13, 14, 17, 18, 49, 52, 54, 64, 65,
        67, 68, 75, 76, 77, 79, 81, 83, 84, 85, 87, 88, 89, 91, 92, 94, 95, 100,
        102, 106, 107, 110, 111, 112, 113, 114, 115, 116, 117, 118, 119, 120,
        122, 123, 124, 127, 128, 129, 130, 132, 141, 142, 143, 144, 146, 148,
        156, 157, 158, 159, 160, 161, 162, 164, 170, 172, 173, 177, 184, 185,
        187, 189, 192, 196, 197, 198, 199, 202, 205, 208, 211, 212, 213, 214,
        215, 216, 217, 218, 219, 220, 221, 224, 226, 227, 230, 231, 233, 234,
        242, 245, 246, 247, 250, 251, 252, 257, 258, 259, 260, 261, 262, 263,
        266, 267, 268, 269, 270, 271, 272, 275, 277, 278, 279, 282, 283, 284,
        285, 288, 289, 294, 296, 298, 304, 318, 319, 321, 324, 325, 332, 333,
        344, 345, 349, 350, 353, 355, 358, 360, 365, 366, 369, 372, 373, 374,
        375, 377, 379, 381, 394, 395, 396, 398, 404, 405, 406, 408, 409, 413,
        414, 415, 416, 417, 418, 419, 420, 422, 424, 426, 427, 428, 429, 430,
        431, 432, 433, 434
      ],
      "summary": {
        "covered_lines": 195,
        "num_statements": 196,
        "percent_covered": 98.96907216494846,
        "percent_covered_display": "99",
        "missing_lines": 1,
        "excluded_lines": 0,
        "num_branches": 95,
        "num_partial_branches": 2,
        "covered_branches": 93,
        "missing_branches": 2
      },
      "missing_lines": [125],
      "excluded_lines": [],
      "executed_branches": [
        [67, 68],
        [67, 75],
        [75, 76],
        [75, 77],
        [83, 84],
        [83, 85],
        [87, 88],
        [87, 89],
        [94, 95],
        [94, 100],
        [112, 113],
        [112, 120],
        [115, 116],
        [115, 117],
        [117, 118],
        [117, 119],
        [123, 124],
        [128, 129],
        [128, 130],
        [142, 143],
        [142, 146],
        [157, 158],
        [157, 159],
        [159, 160],
        [159, 162],
        [160, 159],
        [160, 161],
        [184, 185],
        [184, 187],
        [197, 198],
        [197, 202],
        [205, -205],
        [205, 205],
        [205, 205],
        [205, 205],
        [205, 208],
        [205, 211],
        [214, -214],
        [214, 214],
        [214, 215],
        [215, 216],
        [215, 233],
        [217, 218],
        [217, 226],
        [218, 219],
        [218, 224],
        [219, 218],
        [219, 220],
        [230, 215],
        [230, 231],
        [233, 234],
        [233, 242],
        [234, -234],
        [234, -177],
        [234, 234],
        [234, 234],
        [234, 234],
        [234, 234],
        [234, 234],
        [246, 247],
        [246, 251],
        [251, -251],
        [251, 252],
        [252, -252],
        [252, -242],
        [252, 252],
        [252, 252],
        [257, -177],
        [257, 258],
        [261, 262],
        [262, 263],
        [262, 269],
        [266, 267],
        [266, 268],
        [269, 257],
        [269, 270],
        [271, 272],
        [271, 275],
        [282, 283],
        [282, 298],
        [296, -296],
        [296, 282],
        [296, 296],
        [318, 319],
        [318, 321],
        [332, 333],
        [332, 372],
        [333, -333],
        [333, 333],
        [333, 333],
        [333, 333],
        [333, 333],
        [333, 333],
        [333, 333],
        [333, 333],
        [333, 333],
        [333, 333],
        [333, 333],
        [333, 344],
        [344, 345],
        [344, 372],
        [345, 344],
        [345, 349],
        [365, 345],
        [365, 366],
        [372, 373],
        [372, 375],
        [416, 417],
        [416, 424],
        [417, 418],
        [417, 419],
        [419, 420],
        [419, 422],
        [428, 429],
        [428, 430]
      ],
      "missing_branches": [[123, 125], [261, 257]]
    },
    "apps/sharepoint-fetcher/src/grow/sharepoint_fetcher/utils.py": {
      "executed_lines": [
        9, 10, 11, 12, 14, 17, 25, 26, 27, 28, 29, 30, 32, 33, 34, 35, 36, 41,
        43, 44, 47, 48, 50, 73, 75, 84, 86, 95, 96, 97, 98, 99, 101, 102, 103,
        104, 106, 107, 108, 110, 111, 114, 119
      ],
      "summary": {
        "covered_lines": 43,
        "num_statements": 52,
        "percent_covered": 76.47058823529412,
        "percent_covered_display": "76",
        "missing_lines": 9,
        "excluded_lines": 0,
        "num_branches": 16,
        "num_partial_branches": 3,
        "covered_branches": 9,
        "missing_branches": 7
      },
      "missing_lines": [19, 20, 21, 22, 40, 87, 88, 89, 109],
      "excluded_lines": [],
      "executed_branches": [
        [34, 35],
        [34, 41],
        [35, 36],
        [86, 95],
        [96, 97],
        [96, 101],
        [102, 103],
        [102, 106],
        [108, 119]
      ],
      "missing_branches": [
        [20, 21],
        [20, 22],
        [35, 40],
        [86, 87],
        [88, -88],
        [88, 89],
        [108, 109]
      ]
    },
    "apps/sharepoint-fetcher/tests-pex/test_pex.py": {
      "executed_lines": [1, 2, 4, 5, 8, 9, 10, 14],
      "summary": {
        "covered_lines": 8,
        "num_statements": 8,
        "percent_covered": 100.0,
        "percent_covered_display": "100",
        "missing_lines": 0,
        "excluded_lines": 0,
        "num_branches": 0,
        "num_partial_branches": 0,
        "covered_branches": 0,
        "missing_branches": 0
      },
      "missing_lines": [],
      "excluded_lines": [],
      "executed_branches": [],
      "missing_branches": []
    },
    "apps/splunk-fetcher/src/grow/splunk_fetcher/__init__.py": {
      "executed_lines": [1],
      "summary": {
        "covered_lines": 0,
        "num_statements": 0,
        "percent_covered": 100.0,
        "percent_covered_display": "100",
        "missing_lines": 0,
        "excluded_lines": 0,
        "num_branches": 0,
        "num_partial_branches": 0,
        "covered_branches": 0,
        "missing_branches": 0
      },
      "missing_lines": [],
      "excluded_lines": [],
      "executed_branches": [],
      "missing_branches": []
    },
    "apps/splunk-fetcher/src/grow/splunk_fetcher/cli.py": {
      "executed_lines": [
        1, 2, 3, 5, 6, 8, 14, 17, 24, 34, 35, 36, 37, 38, 39, 40, 41, 42, 50,
        56, 63, 69, 74, 79, 85, 91, 99, 144, 157
      ],
      "summary": {
        "covered_lines": 29,
        "num_statements": 64,
        "percent_covered": 36.58536585365854,
        "percent_covered_display": "37",
        "missing_lines": 35,
        "excluded_lines": 0,
        "num_branches": 18,
        "num_partial_branches": 1,
        "covered_branches": 1,
        "missing_branches": 17
      },
      "missing_lines": [
        18, 19, 20, 21, 25, 27, 28, 29, 30, 31, 116, 117, 118, 119, 120, 121,
        122, 123, 124, 125, 126, 138, 139, 141, 145, 146, 147, 148, 149, 150,
        151, 152, 153, 154, 158
      ],
      "excluded_lines": [],
      "executed_branches": [[157, -1]],
      "missing_branches": [
        [27, 28],
        [27, 29],
        [119, 120],
        [119, 122],
        [122, 123],
        [122, 125],
        [145, 146],
        [145, 147],
        [147, 148],
        [147, 149],
        [149, 150],
        [149, 151],
        [151, 152],
        [151, 153],
        [153, -144],
        [153, 154],
        [157, 158]
      ]
    },
    "apps/splunk-fetcher/src/grow/splunk_fetcher/commands.py": {
      "executed_lines": [1, 2, 3, 4, 5, 7, 9, 14, 15, 18, 22, 31, 86],
      "summary": {
        "covered_lines": 13,
        "num_statements": 41,
        "percent_covered": 24.528301886792452,
        "percent_covered_display": "25",
        "missing_lines": 28,
        "excluded_lines": 0,
        "num_branches": 12,
        "num_partial_branches": 0,
        "covered_branches": 0,
        "missing_branches": 12
      },
      "missing_lines": [
        19, 23, 24, 25, 26, 27, 28, 44, 51, 53, 56, 57, 58, 59, 60, 61, 63, 64,
        65, 66, 67, 68, 69, 83, 87, 88, 89, 90
      ],
      "excluded_lines": [],
      "executed_branches": [],
      "missing_branches": [
        [24, 25],
        [24, 27],
        [25, 24],
        [25, 26],
        [56, 57],
        [56, 59],
        [60, 61],
        [60, 63],
        [65, 66],
        [65, 83],
        [87, 88],
        [87, 89]
      ]
    },
    "apps/splunk-fetcher/src/grow/splunk_fetcher/logs.py": {
      "executed_lines": [1, 2, 4, 7, 8, 14, 20],
      "summary": {
        "covered_lines": 7,
        "num_statements": 21,
        "percent_covered": 22.580645161290324,
        "percent_covered_display": "23",
        "missing_lines": 14,
        "excluded_lines": 0,
        "num_branches": 10,
        "num_partial_branches": 0,
        "covered_branches": 0,
        "missing_branches": 10
      },
      "missing_lines": [9, 10, 11, 12, 15, 16, 18, 26, 27, 28, 30, 32, 33, 35],
      "excluded_lines": [],
      "executed_branches": [],
      "missing_branches": [
        [11, -8],
        [11, 12],
        [15, 16],
        [15, 18],
        [26, 27],
        [26, 32],
        [27, 28],
        [27, 30],
        [32, 33],
        [32, 35]
      ]
    },
    "apps/splunk-fetcher/src/grow/splunk_fetcher/splunk_base/__init__.py": {
      "executed_lines": [1],
      "summary": {
        "covered_lines": 0,
        "num_statements": 0,
        "percent_covered": 100.0,
        "percent_covered_display": "100",
        "missing_lines": 0,
        "excluded_lines": 0,
        "num_branches": 0,
        "num_partial_branches": 0,
        "covered_branches": 0,
        "missing_branches": 0
      },
      "missing_lines": [],
      "excluded_lines": [],
      "executed_branches": [],
      "missing_branches": []
    },
    "apps/splunk-fetcher/src/grow/splunk_fetcher/splunk_base/splunk_base.py": {
      "executed_lines": [
        1, 2, 3, 5, 8, 9, 17, 18, 19, 20, 21, 30, 31, 32, 36, 46, 47, 49, 51,
        52, 53, 54, 55, 56, 59, 60, 61, 62, 63, 65, 66, 67, 69, 78
      ],
      "summary": {
        "covered_lines": 34,
        "num_statements": 42,
        "percent_covered": 78.26086956521739,
        "percent_covered_display": "78",
        "missing_lines": 8,
        "excluded_lines": 0,
        "num_branches": 4,
        "num_partial_branches": 2,
        "covered_branches": 2,
        "missing_branches": 2
      },
      "missing_lines": [33, 34, 37, 44, 50, 64, 70, 79],
      "excluded_lines": [],
      "executed_branches": [[49, 51], [61, 62]],
      "missing_branches": [[49, 50], [61, 64]]
    },
    "apps/splunk-fetcher/tests-pex/test_pex.py": {
      "executed_lines": [1, 2, 4, 5, 8, 9, 10, 14],
      "summary": {
        "covered_lines": 8,
        "num_statements": 8,
        "percent_covered": 100.0,
        "percent_covered_display": "100",
        "missing_lines": 0,
        "excluded_lines": 0,
        "num_branches": 0,
        "num_partial_branches": 0,
        "covered_branches": 0,
        "missing_branches": 0
      },
      "missing_lines": [],
      "excluded_lines": [],
      "executed_branches": [],
      "missing_branches": []
    },
    "apps/whitesource-evaluator/src/grow/whitesource_evaluator/__init__.py": {
      "executed_lines": [1],
      "summary": {
        "covered_lines": 0,
        "num_statements": 0,
        "percent_covered": 100.0,
        "percent_covered_display": "100",
        "missing_lines": 0,
        "excluded_lines": 0,
        "num_branches": 0,
        "num_partial_branches": 0,
        "covered_branches": 0,
        "missing_branches": 0
      },
      "missing_lines": [],
      "excluded_lines": [],
      "executed_branches": [],
      "missing_branches": []
    },
    "apps/whitesource-evaluator/src/grow/whitesource_evaluator/cli.py": {
      "executed_lines": [1, 2, 3, 5, 7, 18, 19, 20, 22, 23, 24, 48],
      "summary": {
        "covered_lines": 12,
        "num_statements": 30,
        "percent_covered": 28.0,
        "percent_covered_display": "28",
        "missing_lines": 18,
        "excluded_lines": 0,
        "num_branches": 20,
        "num_partial_branches": 2,
        "covered_branches": 2,
        "missing_branches": 18
      },
      "missing_lines": [
        25, 26, 27, 28, 29, 30, 31, 32, 33, 34, 35, 36, 37, 41, 42, 44, 45, 49
      ],
      "excluded_lines": [],
      "executed_branches": [[23, 24], [48, -1]],
      "missing_branches": [
        [23, 25],
        [26, 27],
        [26, 28],
        [28, 29],
        [28, 30],
        [30, 31],
        [30, 32],
        [32, 33],
        [32, 34],
        [34, 35],
        [34, 36],
        [36, 37],
        [36, 41],
        [41, 42],
        [41, 44],
        [45, -45],
        [45, -18],
        [48, 49]
      ]
    },
    "apps/whitesource-evaluator/src/grow/whitesource_evaluator/whitesource_evaluator.py": {
      "executed_lines": [
        1, 2, 3, 4, 5, 8, 9, 10, 11, 12, 15, 16, 17, 19, 22, 23, 24, 26, 29, 30,
        31, 32, 33, 36, 37, 38, 39, 40, 41, 42, 43, 47, 51, 56, 57, 58, 59, 60,
        61, 62, 66, 69, 70, 72, 75, 76, 77, 78, 79, 80, 81, 85, 88, 89, 91
      ],
      "summary": {
        "covered_lines": 55,
        "num_statements": 55,
        "percent_covered": 100.0,
        "percent_covered_display": "100",
        "missing_lines": 0,
        "excluded_lines": 0,
        "num_branches": 28,
        "num_partial_branches": 0,
        "covered_branches": 28,
        "missing_branches": 0
      },
      "missing_lines": [],
      "excluded_lines": [],
      "executed_branches": [
        [8, 9],
        [8, 10],
        [16, 17],
        [16, 19],
        [23, 24],
        [23, 26],
        [30, 31],
        [30, 33],
        [31, 30],
        [31, 32],
        [37, 38],
        [37, 51],
        [39, 37],
        [39, 40],
        [42, 43],
        [42, 47],
        [58, 59],
        [58, 69],
        [61, 62],
        [61, 66],
        [69, 70],
        [69, 72],
        [77, 78],
        [77, 88],
        [80, 81],
        [80, 85],
        [88, 89],
        [88, 91]
      ],
      "missing_branches": []
    }
  },
  "totals": {
    "covered_lines": 1047,
    "num_statements": 1418,
    "percent_covered": 70.6989247311828,
    "percent_covered_display": "71",
    "missing_lines": 371,
    "excluded_lines": 0,
    "num_branches": 442,
    "num_partial_branches": 21,
    "covered_branches": 268,
    "missing_branches": 174
  }
}
